Arguments: 
  /data/data/com.termux/files/usr/bin/node /data/data/com.termux/files/usr/bin/yarn

PATH: 
  /data/data/com.termux/files/usr/bin

Yarn version: 
  1.22.17

Node version: 
  16.13.2

Platform: 
  android arm64

Trace: 
  SyntaxError: /data/data/com.termux/files/home/RocBot/package.json: Unexpected token / in JSON at position 201
      at JSON.parse (<anonymous>)
      at /data/data/com.termux/files/usr/lib/node_modules/yarn/lib/cli.js:1625:59
      at Generator.next (<anonymous>)
      at step (/data/data/com.termux/files/usr/lib/node_modules/yarn/lib/cli.js:310:30)
      at /data/data/com.termux/files/usr/lib/node_modules/yarn/lib/cli.js:321:13

npm manifest: 
  {
    "dependencies": {
      "@discordjs/builders": "^0.11.0",
      "@discordjs/rest": "^0.2.0-canary.0",
      "@discordjs/voice": "^0.7.5",
      "discord-api-types": "^0.26.0",
      "discord.js": "^13.5.0",
  //    "ffmpeg-static": "^4.4.0",
      "libsodium-wrappers": "^0.7.9",
      "opusscript": "^0.0.8",
      "yt-search": "^2.10.3",
      "ytdl-core": "^4.10.0",
      "ytpl": "^2.2.3"
    },
    "name": "rocbot",
    "version": "1.0.0",
    "main": "index.js",
    "scripts": {
      "test": "echo \"Error: no test specified\" && exit 1"
    },
    "repository": {
      "type": "git",
      "url": "git+https://github.com/RohanFredriksson/RocBot.git"
    },
    "author": "",
    "license": "ISC",
    "bugs": {
      "url": "https://github.com/RohanFredriksson/RocBot/issues"
    },
    "homepage": "https://github.com/RohanFredriksson/RocBot#readme",
    "description": ""
  }

yarn manifest: 
  No manifest

Lockfile: 
  No lockfile
